[debug] [2025-12-15T18:52:38.899Z] : 
[debug] [2025-12-15T18:52:38.902Z] : ----------------------------------------------------------------------
[debug] [2025-12-15T18:52:38.903Z] : Command:      C:\nvm4w\nodejs\node.exe C:\Users\welcome\AppData\Roaming\npm\node_modules\zcatalyst-cli\lib\bin\catalyst.js serve
[debug] [2025-12-15T18:52:38.903Z] : CLI Version:  1.21.0
[debug] [2025-12-15T18:52:38.903Z] : Platform:     win32
[debug] [2025-12-15T18:52:38.903Z] : Node Version: v24.4.1
[debug] [2025-12-15T18:52:38.903Z] : Time:         Tue Dec 16 2025 00:22:38 GMT+0530 (India Standard Time)
[debug] [2025-12-15T18:52:38.904Z] : ----------------------------------------------------------------------
[debug] [2025-12-15T18:52:38.904Z] : 
[debug] [2025-12-15T18:52:39.703Z] : > authorizing via signed-in user option
[debug] [2025-12-15T18:52:39.703Z] : > command requires scopes: ["ZohoCatalyst.projects.ALL","ZohoCatalyst.apigateway.apis.READ","ZohoCatalyst.apigateway.READ","ZohoCatalyst.segments.ALL","ZohoCatalyst.cache.READ","ZohoCatalyst.cache.CREATE","ZohoCatalyst.cache.DELETE","ZohoCatalyst.projects.ALL","ZohoCatalyst.cron.ALL","ZohoCatalyst.zcql.CREATE","ZohoCatalyst.projects.users.READ","ZohoCatalyst.projects.users.CREATE","ZohoCatalyst.projects.users.DELETE","ZohoCatalyst.projects.users.UPDATE","ZohoCatalyst.authentication.CREATE","ZohoCatalyst.email.CREATE","ZohoCatalyst.tables.ALL","ZohoCatalyst.tables.rows.ALL","ZohoCatalyst.tables.columns.ALL","ZohoCatalyst.tables.bulk.CREATE","ZohoCatalyst.tables.bulk.READ","ZohoCatalyst.folders.ALL","ZohoCatalyst.files.CREATE","ZohoCatalyst.files.READ","ZohoCatalyst.files.DELETE","ZohoCatalyst.functions.ALL","ZohoCatalyst.functions.EXECUTE","ZohoCatalyst.eventlistners.ALL","ZohoCatalyst.eventlisteners.produce","ZohoCatalyst.security.rules.Read","ZohoCatalyst.security.rules.Update","ZohoCatalyst.notifications.mobile","ZohoCatalyst.notifications.web","ZohoCatalyst.search.READ","ZohoCatalyst.mlkit.READ","QuickML.deployment.READ","ZohoCatalyst.pdfshot.execute","ZohoCatalyst.dataverse.execute","ZohoCatalyst.circuits.execution.DELETE","ZohoCatalyst.circuits.execution.READ","ZohoCatalyst.circuits.execute","ZohoCatalyst.appsail.Read","ZohoCatalyst.jobpool.READ","ZohoCatalyst.job.ALL","ZohoCatalyst.nosql.READ","ZohoCatalyst.nosql.rows.ALL"]
[debug] [2025-12-15T18:52:39.751Z] : >>>> HTTP REQUEST : GET https://api.catalyst.zoho.com/baas/v1/project/10593000000171004 

[debug] [2025-12-15T18:52:40.768Z] : <<<< HTTP RESPONSE : 200
Response Headers: {"server":"ZGS","date":"Mon, 15 Dec 2025 18:52:38 GMT","content-type":"application/vnd.catalyst.v2+json","transfer-encoding":"chunked","connection":"keep-alive","x-content-type-options":"nosniff","cache-control":"private,no-cache,no-store,max-age=0,must-revalidate","pragma":"no-cache","expires":"Thu, 01 Jan 1970 00:00:00 GMT","x-frame-options":"DENY","strict-transport-security":"max-age=64072000; includeSubDomains; preload"}

[debug] [2025-12-15T18:52:40.773Z] : >>>> HTTP REQUEST : GET https://api.catalyst.zoho.com/baas/v1/project/10593000000171004/environment 

[debug] [2025-12-15T18:52:41.068Z] : <<<< HTTP RESPONSE : 200
Response Headers: {"server":"ZGS","date":"Mon, 15 Dec 2025 18:52:39 GMT","content-type":"application/vnd.catalyst.v2+json","transfer-encoding":"chunked","connection":"keep-alive","x-content-type-options":"nosniff","cache-control":"private,no-cache,no-store,max-age=0,must-revalidate","pragma":"no-cache","expires":"Thu, 01 Jan 1970 00:00:00 GMT","x-frame-options":"DENY","strict-transport-security":"max-age=64072000; includeSubDomains; preload"}

[debug] [2025-12-15T18:52:41.653Z] : http port : '3000' is not available. Hence port '3001' will be used instead.
[debug] [2025-12-15T18:52:41.679Z] : No basic functions to add
[info] [2025-12-15T18:52:41.682Z] : 
[info] [2025-12-15T18:52:41.682Z] : Executing AppSail [PRESERVE] [photo-store-app] script in C:\Users\welcome\OneDrive\Desktop\PhotoStoreApp
[debug] [2025-12-15T18:52:41.683Z] : Executing command > cd photo-store-app && npm run build && cd .. && cd server && npm install && cd .. && cd scripts && npm install && cd .. && node ./scripts/filesHelper.js -c ./server/ ./build/server/ && node ./scripts/filesHelper.js -c ./photo-store-app/build/ ./build/photo-store-app/
[info] [2025-12-15T18:52:41.683Z] : > cd photo-store-app && npm run build && cd .. && cd server && npm install && cd .. && cd scripts && npm install && cd .. && node ./scripts/filesHelper.js -c ./server/ ./build/server/ && node ./scripts/filesHelper.js -c ./photo-store-app/build/ ./build/photo-store-app/
[info] [2025-12-15T18:53:39.101Z] : 
[info] [2025-12-15T18:53:39.102Z] :  >>>>>>>>>>>>>> AppSail <<<<<<<<<<<<<< 
[info] [2025-12-15T18:53:39.103Z] : i photo-store-app: http://localhost:3001
[info] [2025-12-15T18:53:39.104Z] : 
